---> pavelib.tests.test
---> pavelib.prereqs.install_prereqs
---> pavelib.prereqs.install_ruby_prereqs
Ruby prereqs unchanged, skipping...
---> pavelib.prereqs.install_node_prereqs
Node prereqs unchanged, skipping...
---> pavelib.prereqs.install_python_prereqs
Python prereqs unchanged, skipping...
---> pavelib.utils.test.utils.clean_reports_dir
find /edx/app/edxapp/edx-platform/reports -type f -delete

Setting up for All Tests

Setting up for JS Tests javascript
---> pavelib.utils.test.utils.clean_test_files
git clean -fqdx test_root/logs test_root/data test_root/staticfiles test_root/uploads
find . -type f -name "*.pyc" -delete
rm -rf test_root/log/auto_screenshots/*
rm -rf /tmp/mako_[cl]ms
---> pavelib.assets.compile_coffeescript
node_modules/.bin/coffee --compile `find /edx/app/edxapp/edx-platform/lms /edx/app/edxapp/edx-platform/cms /edx/app/edxapp/edx-platform/common -type f -name "*.coffee"`
js-test-tool run /edx/app/edxapp/edx-platform/lms/static/js_test.yml /edx/app/edxapp/edx-platform/lms/static/js_test_coffee.yml /edx/app/edxapp/edx-platform/cms/static/js_test.yml /edx/app/edxapp/edx-platform/cms/static/js_test_squire.yml /edx/app/edxapp/edx-platform/common/lib/xmodule/xmodule/js/js_test.yml /edx/app/edxapp/edx-platform/common/static/js_test.yml --use-firefox --timeout-sec 600 --xunit-report /edx/app/edxapp/edx-platform/reports/javascript/javascript_xunit.xml --coverage-xml /edx/app/edxapp/edx-platform/reports/javascript/coverage.xml[32;01m
========================================
 Running tests for JS Tests javascript 
========================================
[39;49;00mWARNING: JSCover is not configured: no coverage reports will be generated.

To configure JSCover:

1) Download the latest version from http://tntim96.github.io/JSCover/
2) Set the JSCOVER_JAR environment variable as the path to JSCover-all.jar
=======================
JavaScript test results
=======================
Browser: firefox

................................................................................
................................................................................
................................................................................
................................................................................
.......F.......................................FFFFFFFFFFFFFFFFFFFF.............
................................................................................
................................................................................
................................................................................
................................................................................
................................................................................
................................................................................
................................................................................
................................................................................
................................................................................
................................................................................
................................................................................
................................................................................
................................................................................
................................................................................
..........................................................FFFFFFFF.FFF..FFFFFFFF
......FFFF......................................................................
................................................................................
........................................................FF.FF...................
................................................................................
................................................................................
................................................................................
........F.............................F.........................................
................................................................................
........

Cohorts View: can show discussion topics if cohort exists [fail]
    TypeError: CourseWideDiscussionsView is not a constructor in http://0.0.0.0:46768/suite/lms/include/js/groups/views/cohorts.js (line 292)

Cohorts View Discussion Topics: renders the view properly [fail]
    TypeError: CourseWideDiscussionsView is not a constructor in http://0.0.0.0:46768/suite/lms/include/js/groups/views/cohorts.js (line 292)

Cohorts View Discussion Topics Course Wide: shows the "Save" button as disabled initially [fail]
    TypeError: CohortCourseWideDiscussionsView is not a constructor in http://0.0.0.0:46768/suite/lms/include/js/spec/groups/views/cohorts_spec.js (line 1085)

Cohorts View Discussion Topics Course Wide: has one cohorted and one non-cohorted topic [fail]
    TypeError: CohortCourseWideDiscussionsView is not a constructor in http://0.0.0.0:46768/suite/lms/include/js/spec/groups/views/cohorts_spec.js (line 1085)

Cohorts View Discussion Topics Course Wide: enables the "Save" button after changing checkbox [fail]
    TypeError: CohortCourseWideDiscussionsView is not a constructor in http://0.0.0.0:46768/suite/lms/include/js/spec/groups/views/cohorts_spec.js (line 1085)

Cohorts View Discussion Topics Course Wide: saves the topic successfully [fail]
    TypeError: CohortCourseWideDiscussionsView is not a constructor in http://0.0.0.0:46768/suite/lms/include/js/spec/groups/views/cohorts_spec.js (line 1085)

Cohorts View Discussion Topics Course Wide: shows an appropriate message when subsequent "GET" returns HTTP500 [fail]
    TypeError: CohortCourseWideDiscussionsView is not a constructor in http://0.0.0.0:46768/suite/lms/include/js/spec/groups/views/cohorts_spec.js (line 1085)

Cohorts View Discussion Topics Course Wide: shows an appropriate error message for HTTP500 [fail]
    TypeError: CohortCourseWideDiscussionsView is not a constructor in http://0.0.0.0:46768/suite/lms/include/js/spec/groups/views/cohorts_spec.js (line 1085)

Cohorts View Discussion Topics Inline: shows the "Save" button as disabled initially [fail]
    TypeError: CohortInlineDiscussionsView is not a constructor in http://0.0.0.0:46768/suite/lms/include/js/spec/groups/views/cohorts_spec.js (line 1096)

Cohorts View Discussion Topics Inline: shows always cohort radio button as selected [fail]
    TypeError: CohortInlineDiscussionsView is not a constructor in http://0.0.0.0:46768/suite/lms/include/js/spec/groups/views/cohorts_spec.js (line 1096)

Cohorts View Discussion Topics Inline: shows cohort some topics radio button as selected [fail]
    TypeError: CohortInlineDiscussionsView is not a constructor in http://0.0.0.0:46768/suite/lms/include/js/spec/groups/views/cohorts_spec.js (line 1096)

Cohorts View Discussion Topics Inline: has cohorted and non-cohorted topics [fail]
    TypeError: CohortInlineDiscussionsView is not a constructor in http://0.0.0.0:46768/suite/lms/include/js/spec/groups/views/cohorts_spec.js (line 1096)

Cohorts View Discussion Topics Inline: enables "Save" button after changing from always inline option [fail]
    TypeError: CohortInlineDiscussionsView is not a constructor in http://0.0.0.0:46768/suite/lms/include/js/spec/groups/views/cohorts_spec.js (line 1096)

Cohorts View Discussion Topics Inline: saves the topic [fail]
    TypeError: CohortInlineDiscussionsView is not a constructor in http://0.0.0.0:46768/suite/lms/include/js/spec/groups/views/cohorts_spec.js (line 1096)

Cohorts View Discussion Topics Inline: selects the parent category when all children are selected [fail]
    TypeError: CohortInlineDiscussionsView is not a constructor in http://0.0.0.0:46768/suite/lms/include/js/spec/groups/views/cohorts_spec.js (line 1096)

Cohorts View Discussion Topics Inline: selects/deselects all children when a parent category is selected/deselected [fail]
    TypeError: CohortInlineDiscussionsView is not a constructor in http://0.0.0.0:46768/suite/lms/include/js/spec/groups/views/cohorts_spec.js (line 1096)

Cohorts View Discussion Topics Inline: saves correctly when a subset of topics are selected within a category [fail]
    TypeError: CohortInlineDiscussionsView is not a constructor in http://0.0.0.0:46768/suite/lms/include/js/spec/groups/views/cohorts_spec.js (line 1096)

Cohorts View Discussion Topics Inline: saves correctly when all child topics are selected within a category [fail]
    TypeError: CohortInlineDiscussionsView is not a constructor in http://0.0.0.0:46768/suite/lms/include/js/spec/groups/views/cohorts_spec.js (line 1096)

Cohorts View Discussion Topics Inline: shows an appropriate message when no inline topics exist [fail]
    TypeError: CohortInlineDiscussionsView is not a constructor in http://0.0.0.0:46768/suite/lms/include/js/spec/groups/views/cohorts_spec.js (line 1096)

Cohorts View Discussion Topics Inline: shows an appropriate message when subsequent "GET" returns HTTP500 [fail]
    TypeError: CohortInlineDiscussionsView is not a constructor in http://0.0.0.0:46768/suite/lms/include/js/spec/groups/views/cohorts_spec.js (line 1096)

Cohorts View Discussion Topics Inline: shows an appropriate error message for HTTP500 [fail]
    TypeError: CohortInlineDiscussionsView is not a constructor in http://0.0.0.0:46768/suite/lms/include/js/spec/groups/views/cohorts_spec.js (line 1096)

CMS.Views.Metadata.VideoList Overview drag and drop functionality findDestination: correctly finds the drop target of a drag [fail]
    TypeError: $ele.offset(...) is null in http://0.0.0.0:46768/suite/cms/include/js/spec/utils/drag_and_drop_spec.js (line 39)

CMS.Views.Metadata.VideoList Overview drag and drop functionality findDestination: can drag and drop across section boundaries, with special handling for single sibling [fail]
    TypeError: $unit4.offset(...) is null in http://0.0.0.0:46768/suite/cms/include/js/spec/utils/drag_and_drop_spec.js (line 51)

CMS.Views.Metadata.VideoList Overview drag and drop functionality findDestination: can drop before the first element, even if element being dragged is
slightly before the first element [fail]
    TypeError: $(...).offset(...) is null in http://0.0.0.0:46768/suite/cms/include/js/spec/utils/drag_and_drop_spec.js (line 80)

CMS.Views.Metadata.VideoList Overview drag and drop functionality findDestination: can drag and drop across section boundaries, with special handling for last element [fail]
    TypeError: $(...).offset(...) is null in http://0.0.0.0:46768/suite/cms/include/js/spec/utils/drag_and_drop_spec.js (line 91)

CMS.Views.Metadata.VideoList Overview drag and drop functionality findDestination: can drop past the last element, even if element being dragged is
slightly before/taller then the last element [fail]
    TypeError: $(...).offset(...) is null in http://0.0.0.0:46768/suite/cms/include/js/spec/utils/drag_and_drop_spec.js (line 109)

CMS.Views.Metadata.VideoList Overview drag and drop functionality findDestination: can drag into an empty list [fail]
    TypeError: $(...).offset(...) is null in http://0.0.0.0:46768/suite/cms/include/js/spec/utils/drag_and_drop_spec.js (line 120)

CMS.Views.Metadata.VideoList Overview drag and drop functionality findDestination: reports a null destination on a failed drag [fail]
    TypeError: $ele.offset(...) is null in http://0.0.0.0:46768/suite/cms/include/js/spec/utils/drag_and_drop_spec.js (line 131)

CMS.Views.Metadata.VideoList Overview drag and drop functionality findDestination: can drag into a collapsed list [fail]
    TypeError: $(...).offset(...) is null in http://0.0.0.0:46768/suite/cms/include/js/spec/utils/drag_and_drop_spec.js (line 145)

CMS.Views.Metadata.VideoList Overview drag and drop functionality onDragStart: collapses expanded elements [fail]
    Expected { selector : '#subsection-1', context : HTMLNode, length : 0 } to have class 'is-collapsed'.
    Expected { selector : '#subsection-1', context : HTMLNode, length : 0 } to have class 'expand-on-drop'.

CMS.Views.Metadata.VideoList Overview drag and drop functionality onDragMove: adds the correct CSS class to the drop destination [fail]
    TypeError: $ele.offset(...) is null in http://0.0.0.0:46768/suite/cms/include/js/spec/utils/drag_and_drop_spec.js (line 184)

CMS.Views.Metadata.VideoList Overview drag and drop functionality onDragMove: does not add CSS class to the drop destination if out of bounds [fail]
    TypeError: $ele.offset(...) is null in http://0.0.0.0:46768/suite/cms/include/js/spec/utils/drag_and_drop_spec.js (line 204)

CMS.Views.Metadata.VideoList Overview drag and drop functionality onDragEnd: calls handleReorder on a successful drag [fail]
    TypeError: $(...).offset(...) is null in http://0.0.0.0:46768/suite/cms/include/js/spec/utils/drag_and_drop_spec.js (line 249)

CMS.Views.Metadata.VideoList Overview drag and drop functionality onDragEnd: clears out the drag state [fail]
    TypeError: pointer is null in http://0.0.0.0:46768/suite/cms/include/js/utils/drag_and_drop.js (line 259)

CMS.Views.Metadata.VideoList Overview drag and drop functionality onDragEnd: sets the element to the correct position [fail]
    TypeError: pointer is null in http://0.0.0.0:46768/suite/cms/include/js/utils/drag_and_drop.js (line 259)

CMS.Views.Metadata.VideoList Overview drag and drop functionality onDragEnd: expands an element if it was collapsed on drag start [fail]
    TypeError: pointer is null in http://0.0.0.0:46768/suite/cms/include/js/utils/drag_and_drop.js (line 259)

CMS.Views.Metadata.VideoList Overview drag and drop functionality onDragEnd: expands a collapsed element when something is dropped in it [fail]
    Error: Expected a spy, but got undefined. in http://0.0.0.0:46768/runner/jasmine_requirejs/jasmine.js (line 1385)

CMS.Views.Metadata.VideoList Overview drag and drop functionality AJAX: should send an update on reorder from one parent to another [fail]
    TypeError: $(...).offset(...) is null in http://0.0.0.0:46768/suite/cms/include/js/spec/utils/drag_and_drop_spec.js (line 318)
    TypeError: xhr.restore is not a function in http://0.0.0.0:46768/suite/cms/include/js/common_helpers/ajax_helpers.js (line 43)

CMS.Views.Metadata.VideoList Overview drag and drop functionality AJAX: should send an update on reorder within the same parent [fail]
    TypeError: $(...).offset(...) is null in http://0.0.0.0:46768/suite/cms/include/js/spec/utils/drag_and_drop_spec.js (line 349)
    TypeError: xhr.restore is not a function in http://0.0.0.0:46768/suite/cms/include/js/common_helpers/ajax_helpers.js (line 43)

CMS.Views.Metadata.VideoList Course Updates and Handouts Course Updates without Push notification: does send expected data on save [fail]
    TypeError: xhr.restore is not a function in http://0.0.0.0:46768/suite/cms/include/js/common_helpers/ajax_helpers.js (line 43)

CMS.Views.Metadata.VideoList Course Updates and Handouts Course Updates WITH Push notification: shows push notification checkbox as selected by default [fail]
    TypeError: xhr.restore is not a function in http://0.0.0.0:46768/suite/cms/include/js/common_helpers/ajax_helpers.js (line 43)

CMS.Views.Metadata.VideoList Course Updates and Handouts Course Updates WITH Push notification: sends correct default value for push_notification_selected [fail]
    TypeError: xhr.restore is not a function in http://0.0.0.0:46768/suite/cms/include/js/common_helpers/ajax_helpers.js (line 43)

CMS.Views.Metadata.VideoList Course Updates and Handouts Course Updates WITH Push notification: sends correct value for push_notification_selected when it is unselected [fail]
    TypeError: xhr.restore is not a function in http://0.0.0.0:46768/suite/cms/include/js/common_helpers/ajax_helpers.js (line 43)

CMS.Views.Metadata.VideoList Course Updates and Handouts Course Handouts: does not rewrite links on save [fail]
    TypeError: xhr.restore is not a function in http://0.0.0.0:46768/suite/cms/include/js/common_helpers/ajax_helpers.js (line 43)

Test Metadata Editor MetadataView.Editor creates editors for each field: creates child views on initialize, and sorts them alphabetically [fail]
    TypeError: options is null in http://0.0.0.0:46768/suite/cms/include/js/views/metadata.js (line 43)

Test Metadata Editor MetadataView.Editor creates editors for each field: returns its display name [fail]
    TypeError: options is null in http://0.0.0.0:46768/suite/cms/include/js/views/metadata.js (line 43)

Test Metadata Editor MetadataView.Editor creates editors for each field: has no modified values by default [fail]
    TypeError: options is null in http://0.0.0.0:46768/suite/cms/include/js/views/metadata.js (line 43)

Test Metadata Editor MetadataView.Editor creates editors for each field: returns modified values only [fail]
    TypeError: options is null in http://0.0.0.0:46768/suite/cms/include/js/views/metadata.js (line 43)

Non paged ContainerPage Editing an xblock: can show an edit modal for a child xblock with broken JavaScript [fail]
    TypeError: this.editorView is undefined in http://0.0.0.0:46768/suite/cms/include/js/views/modals/edit_xblock.js (line 193)

Paged ContainerPage Editing an xblock: can show an edit modal for a child xblock with broken JavaScript [fail]
    TypeError: this.editorView is undefined in http://0.0.0.0:46768/suite/cms/include/js/views/modals/edit_xblock.js (line 193)


-----------------------
Failed:  50
Error:   0
Skipped: 0
Passed:  2198
=======================

Cleaning up after JS Tests javascript

Setting up for Python Tests
---> pavelib.utils.test.utils.clean_test_files
git clean -fqdx test_root/logs test_root/data test_root/staticfiles test_root/uploads
find . -type f -name "*.pyc" -delete
rm -rf test_root/log/auto_screenshots/*
rm -rf /tmp/mako_[cl]ms

Setting up for cms
python -m coverage run  --rcfile=cms/.coveragerc ./manage.py cms test --verbosity=1 cms/djangoapps/* common/djangoapps/* openedx/core/djangoapps/* cms/lib/* cms/tests/*   --traceback --settings=test [32;01m
========================================
 Running tests for cms 
========================================
[39;49;00m.............................................----............................
.............................................................................
.............................................................................
.............................................................................
.............................................................................
.............................................................................
.............................................................................
......................................................-....-........-........
..........................................-..................................
........-----------.--------------------------...............................
...........-------------------------.........................................
.........----------------------------.................-...-------------------
---.....-----------------..............--------------------------------------
----------------------------------------.------------------------------------
-----------------------------------------------------------------------------
-------------------------------------------------------------------...----.--
--.-.--........................----------------------------------------------
---............-..................................------------...-....--...--
-................--.............------------------------................-----
--------.....................-----------------------.........................
................--------------------...------....................-.----------
---------...----..-.--------.---.--------------------------------------------
------------------------...................................................--
....................--.......................................................
.............................................................................
....--.............................--...................---------------------
-------------------------------..-.......................---.----------------
-------------------------------------------.---------------------------------
-...........-----------------------------------------------..................
..........--------------------.....-..--------------------------------------.
......-............................--..............--........................
....................--..............................................-........
....................................-.--.....................................
.F..................................................................---......
.........--............---------------
-----------------------------------------------------------------------------
1) FAIL: test_video_url (terrain.stubs.tests.test_youtube_stub.StubYouTubeServiceTest)

   Traceback (most recent call last):
    common/djangoapps/terrain/stubs/tests/test_youtube_stub.py line 30 in test_video_url
      response.content
   AssertionError: 'callback_func({"data": {"duration": 116, "message": "I\'m youtube.", "id": "OEoXaMPEzfM"}})' != 'callback_func({"data": {"duration": 236, "message": "I\'m youtube.", "id": "OEoXaMPEzfM"}})'
   -------------------- >> begin captured logging << --------------------
   terrain.stubs.http: DEBUG: Starting service on port 52041
   requests.packages.urllib3.connectionpool: INFO: Starting new HTTP connection (1): 127.0.0.1
   terrain.stubs.http: DEBUG: 127.0.0.1 - - [08/May/2015 16:30:23] Youtube provider received GET request to path /test_youtube/OEoXaMPEzfM?v=2&alt=jsonc&callback=callback_func
   
   requests.packages.urllib3.connectionpool: INFO: Starting new HTTP connection (1): gdata.youtube.com
   requests.packages.urllib3.connectionpool: DEBUG: "GET /feeds/api/videos/OEoXaMPEzfM?v=2&alt=jsonc HTTP/1.1" 200 None
   terrain.stubs.http: DEBUG: 127.0.0.1 - - [08/May/2015 16:30:23] Sent HTTP response: 200 with content 'callback_func({"data": {"duration": 236, "message": "I'm youtube.", "id": "OEoXaMPEzfM"}})' and headers {'Content-type': 'text/html'}
   
   terrain.stubs.http: DEBUG: 127.0.0.1 - - [08/May/2015 16:30:23] "GET /test_youtube/OEoXaMPEzfM?v=2&alt=jsonc&callback=callback_func HTTP/1.1" 200 -
   
   terrain.stubs.http: DEBUG: 127.0.0.1 - - [08/May/2015 16:30:23] Youtube: sent response I'm youtube.
   
   requests.packages.urllib3.connectionpool: DEBUG: "GET /test_youtube/OEoXaMPEzfM?v=2&alt=jsonc&callback=callback_func HTTP/1.1" 200 None
   --------------------- >> end captured logging << ---------------------


-----------------------------------------------------------------------------
2656 tests run in 577.4 seconds. 
1 FAILED, 961 skipped (1694 tests passed)
nosetests cms/djangoapps/__init__.py cms/djangoapps/contentstore cms/djangoapps/course_creators cms/djangoapps/models cms/djangoapps/sneakpeek cms/djangoapps/xblock_config common/djangoapps/cache_toolbox common/djangoapps/cme_registration common/djangoapps/config_models common/djangoapps/contentserver common/djangoapps/cors_csrf common/djangoapps/course_about common/djangoapps/course_action_state common/djangoapps/course_modes common/djangoapps/dark_lang common/djangoapps/datadog common/djangoapps/django_comment_common common/djangoapps/django_future common/djangoapps/edxmako common/djangoapps/embargo common/djangoapps/enrollment common/djangoapps/external_auth common/djangoapps/fix_bad_data common/djangoapps/geoinfo common/djangoapps/heartbeat common/djangoapps/lang_pref common/djangoapps/microsite_configuration common/djangoapps/monitoring common/djangoapps/monkey_patch common/djangoapps/oauth_exchange common/djangoapps/performance common/djangoapps/pipeline_js common/djangoapps/pipeline_mako common/djangoapps/request_cache common/djangoapps/reverification common/djangoapps/service_status common/djangoapps/session_inactivity_timeout common/djangoapps/static_replace common/djangoapps/status common/djangoapps/student common/djangoapps/terrain common/djangoapps/third_party_auth common/djangoapps/track common/djangoapps/util common/djangoapps/xblock_django common/djangoapps/xmodule_django common/djangoapps/xmodule_modifiers.py openedx/core/djangoapps/__init__.py openedx/core/djangoapps/content openedx/core/djangoapps/course_groups openedx/core/djangoapps/profile_images openedx/core/djangoapps/user_api cms/lib/__init__.py cms/lib/django_require cms/lib/xblock cms/tests/__init__.py cms/tests/test_startup.py --id-file /edx/app/edxapp/edx-platform/.testids/cms/noseids --xunit-file /edx/app/edxapp/edx-platform/reports/cms/nosetests.xml --verbosity=1
Creating test database for alias 'default'...
Destroying test database for alias 'default'...

Cleaning up after cms
---> pavelib.utils.test.utils.clean_mongo
mongo localhost:27017 /edx/app/edxapp/edx-platform/scripts/delete-mongo-test-dbs.js
MongoDB shell version: 2.6.5
connecting to: localhost:27017/test
Dropping test db test_mongo_2c1f9

Setting up for lms
python -m coverage run  --rcfile=lms/.coveragerc ./manage.py lms test --verbosity=1 lms/djangoapps/* common/djangoapps/* openedx/core/djangoapps/* lms/lib/* lms/tests.py   --traceback --settings=test [32;01m
========================================
 Running tests for lms 
========================================
[39;49;00m.............................................................................
.............................................................................
.............................................................................
.............................................................................
.............................................................................
.............................................................................
.............................................................................
.............................................................................
.....................................................XX......................
.............................................................................
.............................................................................
.............................................................................
.............................................................................
.............................................................................
.............................................................................
.............................................................................
.............................................................................
.............................................................................
.............................................................................
.............................................................................
.............................................................................
.............................................................................
.............................................................................
....................XX.......................................................
....................................................................X.F......
.............................................................................
.............................................................................
.............................................................................
.............................................................................
.............................................................................
.............................................................................
.............................................................................
.............................................................................
.............................................................................
.............................................................................
.....FF......................................................................
.............................................................................
...........................-.................................................
.............................................................................
.............................................................................
.............................................................................
...........................................-....-....-.-.....................
.............................................................................
.............................................................................
.............................................................................
.............................................................................
.............................................................................
.............................................................................
.................................................--..........................
.............................................................................
.............................................................................
.............................................................................
.......-.....................................................................
.............................................................................
........................................................................-....
..-......-.........-.....................................-...................
.........--..............--..................................................
....................-........................................................
.............................................................................
..........................F..................................................
................---............................................
-----------------------------------------------------------------------------
1) ERROR: test_module_not_populated_with_user_email (lms.djangoapps.courseware.tests.test_module_render.ModuleRenderTestCase)

   Traceback (most recent call last):
    lms/djangoapps/courseware/tests/test_module_render.py line 182 in test_module_not_populated_with_user_email
      self.location,
   AttributeError: 'ModuleRenderTestCase' object has no attribute 'location'
   -------------------- >> begin captured logging << --------------------
   root: DEBUG: Using MongoDB for static content serving at host=localhost port=27017 db=xcontent
   tracking: INFO: {"username": "", "event_source": "server", "name": "edx.user.settings.changed", "accept_language": "", "time": "2015-05-08T20:35:33.057614+00:00", "agent": "", "page": null, "host": "", "session": "", "referer": "", "context": {}, "ip": "", "event": {"user_id": 1, "truncated": [], "old": false, "setting": "is_staff", "table": "auth_user", "new": true}, "event_type": "edx.user.settings.changed"}
   util.models: ERROR: String decompression failed. There may be corrupted data in the database: Incorrect padding
   xmodule.modulestore.django: INFO: Sent course_published signal to <function listen_for_course_publish at 0x7468cf8> with kwargs {'course_key': SlashSeparatedCourseKey('edX', 'toy', '2012_Fall', None, None)}. Response was: None
   xmodule.modulestore.django: INFO: Sent course_published signal to <function listen_for_course_publish at 0x7468cf8> with kwargs {'course_key': SlashSeparatedCourseKey('edX', 'toy', '2012_Fall', None, None)}. Response was: None
   xmodule.modulestore.django: INFO: Sent course_published signal to <function listen_for_course_publish at 0x7468cf8> with kwargs {'course_key': SlashSeparatedCourseKey('edX', 'toy', '2012_Fall', None, None)}. Response was: None
   xmodule.modulestore.django: INFO: Sent course_published signal to <function listen_for_course_publish at 0x7468cf8> with kwargs {'course_key': SlashSeparatedCourseKey('edX', 'toy', '2012_Fall', None, None)}. Response was: None
   xmodule.modulestore.django: INFO: Sent course_published signal to <function listen_for_course_publish at 0x7468cf8> with kwargs {'course_key': SlashSeparatedCourseKey('edX', 'toy', '2012_Fall', None, None)}. Response was: None
   xmodule.modulestore.django: INFO: Sent course_published signal to <function listen_for_course_publish at 0x7468cf8> with kwargs {'course_key': SlashSeparatedCourseKey('edX', 'toy', '2012_Fall', None, None)}. Response was: None
   xmodule.modulestore.django: INFO: Sent course_published signal to <function listen_for_course_publish at 0x7468cf8> with kwargs {'course_key': SlashSeparatedCourseKey('edX', 'toy', '2012_Fall', None, None)}. Response was: None
   xmodule.modulestore.django: INFO: Sent course_published signal to <function listen_for_course_publish at 0x7468cf8> with kwargs {'course_key': SlashSeparatedCourseKey('edX', 'toy', '2012_Fall', None, None)}. Response was: None
   xmodule.modulestore.django: INFO: Sent course_published signal to <function listen_for_course_publish at 0x7468cf8> with kwargs {'course_key': SlashSeparatedCourseKey('edX', 'toy', '2012_Fall', None, None)}. Response was: None
   xmodule.modulestore.django: INFO: Sent course_published signal to <function listen_for_course_publish at 0x7468cf8> with kwargs {'course_key': SlashSeparatedCourseKey('edX', 'toy', '2012_Fall', None, None)}. Response was: None
   xmodule.modulestore.django: INFO: Sent course_published signal to <function listen_for_course_publish at 0x7468cf8> with kwargs {'course_key': SlashSeparatedCourseKey('edX', 'toy', '2012_Fall', None, None)}. Response was: None
   xmodule.modulestore.django: INFO: Sent course_published signal to <function listen_for_course_publish at 0x7468cf8> with kwargs {'course_key': SlashSeparatedCourseKey('edX', 'toy', '2012_Fall', None, None)}. Response was: None
   xmodule.modulestore.django: INFO: Sent course_published signal to <function listen_for_course_publish at 0x7468cf8> with kwargs {'course_key': SlashSeparatedCourseKey('edX', 'toy', '2012_Fall', None, None)}. Response was: None
   xmodule.modulestore.django: INFO: Sent course_published signal to <function listen_for_course_publish at 0x7468cf8> with kwargs {'course_key': SlashSeparatedCourseKey('edX', 'toy', '2012_Fall', None, None)}. Response was: None
   tracking: INFO: {"username": "", "event_source": "server", "name": "edx.user.settings.changed", "accept_language": "", "time": "2015-05-08T20:35:33.963155+00:00", "agent": "", "page": null, "host": "", "session": "", "referer": "", "context": {}, "ip": "", "event": {"user_id": 2, "truncated": [], "old": null, "setting": "password", "table": "auth_user", "new": null}, "event_type": "edx.user.settings.changed"}
   --------------------- >> end captured logging << ---------------------

-----------------------------------------------------------------------------
2) ERROR: test_module_populated_with_user_email (lms.djangoapps.courseware.tests.test_module_render.ModuleRenderTestCase)

   Traceback (most recent call last):
    /edx/app/edxapp/venvs/edxapp/local/lib/python2.7/site-packages/django/test/utils.py line 215 in inner
      return test_func(*args, **kwargs)
    lms/djangoapps/courseware/tests/test_module_render.py line 160 in test_module_populated_with_user_email
      self.location,
   AttributeError: 'ModuleRenderTestCase' object has no attribute 'location'
   -------------------- >> begin captured logging << --------------------
   root: DEBUG: Using MongoDB for static content serving at host=localhost port=27017 db=xcontent
   tracking: INFO: {"username": "", "event_source": "server", "name": "edx.user.settings.changed", "accept_language": "", "time": "2015-05-08T20:35:34.042494+00:00", "agent": "", "page": null, "host": "", "session": "", "referer": "", "context": {}, "ip": "", "event": {"user_id": 1, "truncated": [], "old": false, "setting": "is_staff", "table": "auth_user", "new": true}, "event_type": "edx.user.settings.changed"}
   util.models: ERROR: String decompression failed. There may be corrupted data in the database: Incorrect padding
   xmodule.modulestore.django: INFO: Sent course_published signal to <function listen_for_course_publish at 0x7468cf8> with kwargs {'course_key': SlashSeparatedCourseKey('edX', 'toy', '2012_Fall', None, None)}. Response was: None
   xmodule.modulestore.django: INFO: Sent course_published signal to <function listen_for_course_publish at 0x7468cf8> with kwargs {'course_key': SlashSeparatedCourseKey('edX', 'toy', '2012_Fall', None, None)}. Response was: None
   xmodule.modulestore.django: INFO: Sent course_published signal to <function listen_for_course_publish at 0x7468cf8> with kwargs {'course_key': SlashSeparatedCourseKey('edX', 'toy', '2012_Fall', None, None)}. Response was: None
   xmodule.modulestore.django: INFO: Sent course_published signal to <function listen_for_course_publish at 0x7468cf8> with kwargs {'course_key': SlashSeparatedCourseKey('edX', 'toy', '2012_Fall', None, None)}. Response was: None
   xmodule.modulestore.django: INFO: Sent course_published signal to <function listen_for_course_publish at 0x7468cf8> with kwargs {'course_key': SlashSeparatedCourseKey('edX', 'toy', '2012_Fall', None, None)}. Response was: None
   xmodule.modulestore.django: INFO: Sent course_published signal to <function listen_for_course_publish at 0x7468cf8> with kwargs {'course_key': SlashSeparatedCourseKey('edX', 'toy', '2012_Fall', None, None)}. Response was: None
   xmodule.modulestore.django: INFO: Sent course_published signal to <function listen_for_course_publish at 0x7468cf8> with kwargs {'course_key': SlashSeparatedCourseKey('edX', 'toy', '2012_Fall', None, None)}. Response was: None
   xmodule.modulestore.django: INFO: Sent course_published signal to <function listen_for_course_publish at 0x7468cf8> with kwargs {'course_key': SlashSeparatedCourseKey('edX', 'toy', '2012_Fall', None, None)}. Response was: None
   xmodule.modulestore.django: INFO: Sent course_published signal to <function listen_for_course_publish at 0x7468cf8> with kwargs {'course_key': SlashSeparatedCourseKey('edX', 'toy', '2012_Fall', None, None)}. Response was: None
   xmodule.modulestore.django: INFO: Sent course_published signal to <function listen_for_course_publish at 0x7468cf8> with kwargs {'course_key': SlashSeparatedCourseKey('edX', 'toy', '2012_Fall', None, None)}. Response was: None
   xmodule.modulestore.django: INFO: Sent course_published signal to <function listen_for_course_publish at 0x7468cf8> with kwargs {'course_key': SlashSeparatedCourseKey('edX', 'toy', '2012_Fall', None, None)}. Response was: None
   xmodule.modulestore.django: INFO: Sent course_published signal to <function listen_for_course_publish at 0x7468cf8> with kwargs {'course_key': SlashSeparatedCourseKey('edX', 'toy', '2012_Fall', None, None)}. Response was: None
   xmodule.modulestore.django: INFO: Sent course_published signal to <function listen_for_course_publish at 0x7468cf8> with kwargs {'course_key': SlashSeparatedCourseKey('edX', 'toy', '2012_Fall', None, None)}. Response was: None
   xmodule.modulestore.django: INFO: Sent course_published signal to <function listen_for_course_publish at 0x7468cf8> with kwargs {'course_key': SlashSeparatedCourseKey('edX', 'toy', '2012_Fall', None, None)}. Response was: None
   tracking: INFO: {"username": "", "event_source": "server", "name": "edx.user.settings.changed", "accept_language": "", "time": "2015-05-08T20:35:34.949728+00:00", "agent": "", "page": null, "host": "", "session": "", "referer": "", "context": {}, "ip": "", "event": {"user_id": 2, "truncated": [], "old": null, "setting": "password", "table": "auth_user", "new": null}, "event_type": "edx.user.settings.changed"}
   --------------------- >> end captured logging << ---------------------

-----------------------------------------------------------------------------
3) ERROR: test_full_course_no_students (lms.djangoapps.instructor_analytics.tests.test_basic.TestStudentSubmissionsAnalyticsBasic)

   Traceback (most recent call last):
    lms/djangoapps/instructor_analytics/tests/test_basic.py line 409 in test_full_course_no_students
      self.load_course('edX/simple/2012_Fall')
    lms/djangoapps/instructor_analytics/tests/test_basic.py line 395 in load_course
      self.course = get_course(course_key)
    lms/djangoapps/courseware/courses.py line 61 in get_course
      raise ValueError(u"Course not found: {0}".format(course_id))
   ValueError: Course not found: edX/simple/2012_Fall
   -------------------- >> begin captured logging << --------------------
   root: DEBUG: Using MongoDB for static content serving at host=localhost port=27017 db=xcontent
   xmodule.modulestore.xml: DEBUG: ========> Starting courselike import from toy
   xmodule.modulestore.xml: DEBUG: ========> Done with courselike import from toy
   tracking: INFO: {"username": "", "event_source": "server", "name": "edx.user.settings.changed", "accept_language": "", "time": "2015-05-08T20:43:27.955746+00:00", "agent": "", "page": null, "host": "", "session": "", "referer": "", "context": {}, "ip": "", "event": {"user_id": 1, "truncated": [], "old": false, "setting": "is_staff", "table": "auth_user", "new": true}, "event_type": "edx.user.settings.changed"}
   --------------------- >> end captured logging << ---------------------

-----------------------------------------------------------------------------
4) ERROR: test_invalid_module_state (lms.djangoapps.instructor_analytics.tests.test_basic.TestStudentSubmissionsAnalyticsBasic)

   Traceback (most recent call last):
    lms/djangoapps/instructor_analytics/tests/test_basic.py line 415 in test_invalid_module_state
      self.load_course('edX/graded/2012_Fall')
    lms/djangoapps/instructor_analytics/tests/test_basic.py line 395 in load_course
      self.course = get_course(course_key)
    lms/djangoapps/courseware/courses.py line 61 in get_course
      raise ValueError(u"Course not found: {0}".format(course_id))
   ValueError: Course not found: edX/graded/2012_Fall
   -------------------- >> begin captured logging << --------------------
   root: DEBUG: Using MongoDB for static content serving at host=localhost port=27017 db=xcontent
   xmodule.modulestore.xml: DEBUG: ========> Starting courselike import from toy
   xmodule.modulestore.xml: DEBUG: ========> Done with courselike import from toy
   tracking: INFO: {"username": "", "event_source": "server", "name": "edx.user.settings.changed", "accept_language": "", "time": "2015-05-08T20:43:28.064089+00:00", "agent": "", "page": null, "host": "", "session": "", "referer": "", "context": {}, "ip": "", "event": {"user_id": 1, "truncated": [], "old": false, "setting": "is_staff", "table": "auth_user", "new": true}, "event_type": "edx.user.settings.changed"}
   --------------------- >> end captured logging << ---------------------

-----------------------------------------------------------------------------
5) ERROR: test_unicode (lms.djangoapps.instructor_task.tests.test_tasks_helper.TestReponsesReport)

   Traceback (most recent call last):
    lms/djangoapps/instructor_task/tests/test_tasks_helper.py line 403 in test_unicode
      self.course = get_course_by_id(course_key)
    lms/djangoapps/courseware/courses.py line 79 in get_course_by_id
      raise Http404("Course not found.")
   Http404: Course not found.
   -------------------- >> begin captured logging << --------------------
   root: DEBUG: Using MongoDB for static content serving at host=localhost port=27017 db=xcontent
   xmodule.modulestore.xml: DEBUG: ========> Starting courselike import from toy
   xmodule.modulestore.xml: DEBUG: ========> Done with courselike import from toy
   tracking: INFO: {"username": "", "event_source": "server", "name": "edx.user.settings.changed", "accept_language": "", "time": "2015-05-08T20:44:01.854194+00:00", "agent": "", "page": null, "host": "", "session": "", "referer": "", "context": {}, "ip": "", "event": {"user_id": 1, "truncated": [], "old": false, "setting": "is_staff", "table": "auth_user", "new": true}, "event_type": "edx.user.settings.changed"}
   --------------------- >> end captured logging << ---------------------

-----------------------------------------------------------------------------
6) FAIL: test_reports_rev_chronologically_sorted (lms.djangoapps.instructor_task.tests.test_tasks_helper.TestReportStore)

   Traceback (most recent call last):
    lms/djangoapps/instructor_task/tests/test_tasks_helper.py line 344 in test_reports_rev_chronologically_sorted
      self.assertEquals(filenames, rev_chronological_filenames)
   AssertionError: Lists differ: ['filename4_2015-03-10-0024.cs... != ['filename4_2015-03-10-0024.cs...
   
   First differing element 1:
   filename2_2015-03-10-0022.csv
   filename3_2015-03-10-0023.csv
   
     ['filename4_2015-03-10-0024.csv',
   +  'filename3_2015-03-10-0023.csv',
      'filename2_2015-03-10-0022.csv',
   -  'filename3_2015-03-10-0023.csv',
      'filename1_2015-03-10-0021.csv']
   -------------------- >> begin captured logging << --------------------
   root: DEBUG: Using MongoDB for static content serving at host=localhost port=27017 db=xcontent
   tracking: INFO: {"username": "", "event_source": "server", "name": "edx.user.settings.changed", "accept_language": "", "time": "2015-05-08T20:44:01.987580+00:00", "agent": "", "page": null, "host": "", "session": "", "referer": "", "context": {}, "ip": "", "event": {"user_id": 1, "truncated": [], "old": false, "setting": "is_staff", "table": "auth_user", "new": true}, "event_type": "edx.user.settings.changed"}
   util.models: ERROR: String decompression failed. There may be corrupted data in the database: Incorrect padding
   xmodule.modulestore.django: INFO: Sent course_published signal to <function listen_for_course_publish at 0x7468cf8> with kwargs {'course_key': SlashSeparatedCourseKey('org.5849', 'course_5849', 'Run_5849', None, None)}. Response was: None
   --------------------- >> end captured logging << ---------------------

-----------------------------------------------------------------------------
7) FAIL: test_register_page_loads (cme_registration.tests.registration_tests.TestCmeRegistration)

   Traceback (most recent call last):
    common/djangoapps/cme_registration/tests/registration_tests.py line 527 in test_register_page_loads
      self.assertEqual(response.status_code, 200)
   AssertionError: 405 != 200
   -------------------- >> begin captured logging << --------------------
   tracking: INFO: {"username": "", "event_type": "/register", "ip": "127.0.0.1", "agent": "", "host": "testserver", "referer": "", "accept_language": "", "event": "{\"POST\": {}, \"GET\": {}}", "event_source": "server", "context": {"user_id": "", "org_id": "", "course_id": "", "path": "/register"}, "time": "2015-05-08T20:46:34.951113+00:00", "page": null}
   --------------------- >> end captured logging << ---------------------

-----------------------------------------------------------------------------
8) FAIL: test_register_when_logged_in (cme_registration.tests.registration_tests.TestCmeRegistration)

   Traceback (most recent call last):
    common/djangoapps/cme_registration/tests/registration_tests.py line 519 in test_register_when_logged_in
      self.assertRedirects(response, reverse('dashboard'), status_code=302)
    /edx/app/edxapp/venvs/edxapp/local/lib/python2.7/site-packages/django/test/testcases.py line 580 in assertRedirects
      (response.status_code, status_code))
   AssertionError: Response didn't redirect as expected: Response code was 405 (expected 302)
   -------------------- >> begin captured logging << --------------------
   tracking: INFO: {"username": "", "event_source": "server", "name": "edx.user.settings.changed", "accept_language": "", "time": "2015-05-08T20:46:34.959002+00:00", "agent": "", "page": null, "host": "", "session": "", "referer": "", "context": {}, "ip": "", "event": {"user_id": 1, "truncated": [], "old": null, "setting": "password", "table": "auth_user", "new": null}, "event_type": "edx.user.settings.changed"}
   audit: INFO: Login success - student002 (student002@test.com)
   tracking: INFO: {"username": "student002", "event_type": "/register", "ip": "127.0.0.1", "agent": "", "host": "testserver", "referer": "", "accept_language": "", "event": "{\"POST\": {}, \"GET\": {}}", "event_source": "server", "context": {"user_id": 1, "org_id": "", "course_id": "", "path": "/register"}, "time": "2015-05-08T20:46:34.974853+00:00", "page": null}
   --------------------- >> end captured logging << ---------------------

-----------------------------------------------------------------------------
9) FAIL: test_video_url (terrain.stubs.tests.test_youtube_stub.StubYouTubeServiceTest)

   Traceback (most recent call last):
    common/djangoapps/terrain/stubs/tests/test_youtube_stub.py line 30 in test_video_url
      response.content
   AssertionError: 'callback_func({"data": {"duration": 116, "message": "I\'m youtube.", "id": "OEoXaMPEzfM"}})' != 'callback_func({"data": {"duration": 236, "message": "I\'m youtube.", "id": "OEoXaMPEzfM"}})'
   -------------------- >> begin captured logging << --------------------
   terrain.stubs.http: DEBUG: Starting service on port 58053
   requests.packages.urllib3.connectionpool: INFO: Starting new HTTP connection (1): 127.0.0.1
   terrain.stubs.http: DEBUG: 127.0.0.1 - - [08/May/2015 20:50:04] Youtube provider received GET request to path /test_youtube/OEoXaMPEzfM?v=2&alt=jsonc&callback=callback_func
   
   requests.packages.urllib3.connectionpool: INFO: Starting new HTTP connection (1): gdata.youtube.com
   requests.packages.urllib3.connectionpool: DEBUG: "GET /feeds/api/videos/OEoXaMPEzfM?v=2&alt=jsonc HTTP/1.1" 200 None
   terrain.stubs.http: DEBUG: 127.0.0.1 - - [08/May/2015 20:50:04] Sent HTTP response: 200 with content 'callback_func({"data": {"duration": 236, "message": "I'm youtube.", "id": "OEoXaMPEzfM"}})' and headers {'Content-type': 'text/html'}
   
   terrain.stubs.http: DEBUG: 127.0.0.1 - - [08/May/2015 20:50:04] "GET /test_youtube/OEoXaMPEzfM?v=2&alt=jsonc&callback=callback_func HTTP/1.1" 200 -
   
   terrain.stubs.http: DEBUG: 127.0.0.1 - - [08/May/2015 20:50:04] Youtube: sent response I'm youtube.
   
   requests.packages.urllib3.connectionpool: DEBUG: "GET /test_youtube/OEoXaMPEzfM?v=2&alt=jsonc&callback=callback_func HTTP/1.1" 200 None
   --------------------- >> end captured logging << ---------------------


-----------------------------------------------------------------------------
4683 tests run in 1190.5 seconds. 
4 FAILED, 5 errors, 21 skipped (4653 tests passed)
nosetests lms/djangoapps/__init__.py lms/djangoapps/__init__.pyc lms/djangoapps/branding lms/djangoapps/branding_stanford lms/djangoapps/bulk_email lms/djangoapps/ccx lms/djangoapps/certificates lms/djangoapps/circuit lms/djangoapps/class_dashboard lms/djangoapps/commerce lms/djangoapps/course_structure_api lms/djangoapps/course_wiki lms/djangoapps/courseware lms/djangoapps/dashboard lms/djangoapps/debug lms/djangoapps/django_comment_client lms/djangoapps/edxnotes lms/djangoapps/foldit lms/djangoapps/instructor lms/djangoapps/instructor_analytics lms/djangoapps/instructor_email_widget lms/djangoapps/instructor_task lms/djangoapps/jabber lms/djangoapps/licenses lms/djangoapps/lms_migration lms/djangoapps/lms_xblock lms/djangoapps/mobile_api lms/djangoapps/notes lms/djangoapps/notification_prefs lms/djangoapps/notifier_api lms/djangoapps/oauth2_handler lms/djangoapps/open_ended_grading lms/djangoapps/psychometrics lms/djangoapps/shoppingcart lms/djangoapps/sneakpeek_deeplink lms/djangoapps/static_template_view lms/djangoapps/staticbook lms/djangoapps/student_account lms/djangoapps/student_profile lms/djangoapps/survey lms/djangoapps/verify_student common/djangoapps/cache_toolbox common/djangoapps/cme_registration common/djangoapps/config_models common/djangoapps/contentserver common/djangoapps/cors_csrf common/djangoapps/course_about common/djangoapps/course_action_state common/djangoapps/course_modes common/djangoapps/dark_lang common/djangoapps/datadog common/djangoapps/django_comment_common common/djangoapps/django_future common/djangoapps/edxmako common/djangoapps/embargo common/djangoapps/enrollment common/djangoapps/external_auth common/djangoapps/fix_bad_data common/djangoapps/geoinfo common/djangoapps/heartbeat common/djangoapps/lang_pref common/djangoapps/microsite_configuration common/djangoapps/monitoring common/djangoapps/monkey_patch common/djangoapps/oauth_exchange common/djangoapps/performance common/djangoapps/pipeline_js common/djangoapps/pipeline_mako common/djangoapps/request_cache common/djangoapps/reverification common/djangoapps/service_status common/djangoapps/session_inactivity_timeout common/djangoapps/static_replace common/djangoapps/status common/djangoapps/student common/djangoapps/terrain common/djangoapps/third_party_auth common/djangoapps/track common/djangoapps/util common/djangoapps/xblock_django common/djangoapps/xmodule_django common/djangoapps/xmodule_modifiers.py common/djangoapps/xmodule_modifiers.pyc openedx/core/djangoapps/__init__.py openedx/core/djangoapps/__init__.pyc openedx/core/djangoapps/content openedx/core/djangoapps/course_groups openedx/core/djangoapps/profile_images openedx/core/djangoapps/user_api lms/lib/__init__.py lms/lib/__init__.pyc lms/lib/comment_client lms/lib/courseware_search lms/lib/newrelic_logging lms/lib/xblock lms/tests.py --id-file /edx/app/edxapp/edx-platform/.testids/lms/noseids --xunit-file /edx/app/edxapp/edx-platform/reports/lms/nosetests.xml --verbosity=1
Creating test database for alias 'default'...
Creating test database for alias 'jabber'...
Destroying test database for alias 'default'...
Destroying test database for alias 'jabber'...

Cleaning up after lms
---> pavelib.utils.test.utils.clean_mongo
mongo localhost:27017 /edx/app/edxapp/edx-platform/scripts/delete-mongo-test-dbs.js
MongoDB shell version: 2.6.5
connecting to: localhost:27017/test
Dropping test db test_xlog

Setting up for common/lib/calc
python -m coverage run  --rcfile=common/lib/calc/.coveragerc `which nosetests` --id-file=/edx/app/edxapp/edx-platform/.testids/common/lib/calc/noseids common/lib/calc   --with-xunit --xunit-file=/edx/app/edxapp/edx-platform/reports/common/lib/calc/nosetests.xml  --verbosity=1[32;01m
========================================
 Running tests for common/lib/calc 
========================================
[39;49;00m.......................................................
-----------------------------------------------------------------------------
55 tests run in 1.0 seconds (55 tests passed)

Cleaning up after common/lib/calc
---> pavelib.utils.test.utils.clean_mongo
mongo localhost:27017 /edx/app/edxapp/edx-platform/scripts/delete-mongo-test-dbs.js
MongoDB shell version: 2.6.5
connecting to: localhost:27017/test

Setting up for common/lib/capa
python -m coverage run  --rcfile=common/lib/capa/.coveragerc `which nosetests` --id-file=/edx/app/edxapp/edx-platform/.testids/common/lib/capa/noseids common/lib/capa   --with-xunit --xunit-file=/edx/app/edxapp/edx-platform/reports/common/lib/capa/nosetests.xml  --verbosity=1[32;01m
========================================
 Running tests for common/lib/capa 
========================================
[39;49;00m.....X.......................................................................
.............................................................................
.............................................................................
.....................................................
-----------------------------------------------------------------------------
1) ERROR: test_python_lib (test_safe_exec.TestSafeExec)

   Traceback (most recent call last):
    common/lib/capa/capa/safe_exec/tests/test_safe_exec.py line 65 in test_python_lib
      g, python_path=[pylib]
    /edx/app/edxapp/venvs/edxapp/local/lib/python2.7/site-packages/dogapi/stats/dog_stats_api.py line 184 in wrapped
      result = func(*args, **kwargs)
    common/lib/capa/capa/safe_exec/safe_exec.py line 155 in safe_exec
      raise e
   SafeExecException: Couldn't execute jailed code: stdout: '', stderr: 'Traceback (most recent call last):\n  File "jailed_code", line 16, in <module>\n    exec code in g_dict\n  File "<string>", line 60, in <module>\nImportError: No module named constant\n' with status code: 1


-----------------------------------------------------------------------------
284 tests run in 7.6 seconds. 
1 error (283 tests passed)

Cleaning up after common/lib/capa
---> pavelib.utils.test.utils.clean_mongo
mongo localhost:27017 /edx/app/edxapp/edx-platform/scripts/delete-mongo-test-dbs.js
MongoDB shell version: 2.6.5
connecting to: localhost:27017/test

Setting up for common/lib/chem
python -m coverage run  --rcfile=common/lib/chem/.coveragerc `which nosetests` --id-file=/edx/app/edxapp/edx-platform/.testids/common/lib/chem/noseids common/lib/chem   --with-xunit --xunit-file=/edx/app/edxapp/edx-platform/reports/common/lib/chem/nosetests.xml  --verbosity=1[32;01m
========================================
 Running tests for common/lib/chem 
========================================
[39;49;00m.............................................................................
.........
-----------------------------------------------------------------------------
86 tests run in 2.2 seconds (86 tests passed)

Cleaning up after common/lib/chem
---> pavelib.utils.test.utils.clean_mongo
mongo localhost:27017 /edx/app/edxapp/edx-platform/scripts/delete-mongo-test-dbs.js
MongoDB shell version: 2.6.5
connecting to: localhost:27017/test

Setting up for common/lib/dogstats
python -m coverage run  --rcfile=common/lib/dogstats/.coveragerc `which nosetests` --id-file=/edx/app/edxapp/edx-platform/.testids/common/lib/dogstats/noseids common/lib/dogstats   --with-xunit --xunit-file=/edx/app/edxapp/edx-platform/reports/common/lib/dogstats/nosetests.xml  --verbosity=1[32;01m
========================================
 Running tests for common/lib/dogstats 
========================================
[39;49;00m
-----------------------------------------------------------------------------
0 tests run in 0.0 seconds (0 tests passed)

Cleaning up after common/lib/dogstats
---> pavelib.utils.test.utils.clean_mongo
mongo localhost:27017 /edx/app/edxapp/edx-platform/scripts/delete-mongo-test-dbs.js
MongoDB shell version: 2.6.5
connecting to: localhost:27017/test

Setting up for common/lib/i18n
python -m coverage run  --rcfile=common/lib/i18n/.coveragerc `which nosetests` --id-file=/edx/app/edxapp/edx-platform/.testids/common/lib/i18n/noseids common/lib/i18n   --with-xunit --xunit-file=/edx/app/edxapp/edx-platform/reports/common/lib/i18n/nosetests.xml  --verbosity=1[32;01m
========================================
 Running tests for common/lib/i18n 
========================================
[39;49;00m
This test tests that i18n extraction (`paver i18n_extract`) works properly. If you experience failures, please check that all instances of `gettext` and `ngettext` are used correctly. You can also try running `paver i18n_extract -v` locally for more detail.

Extracting i18n strings and generating dummy translations; this may take a few minutes
..Cleaning up eo: git checkout conf/locale/eo
-----------------------------------------------------------------------------
2 tests run in 70.9 seconds (2 tests passed)

Cleaning up after common/lib/i18n
---> pavelib.utils.test.utils.clean_mongo
mongo localhost:27017 /edx/app/edxapp/edx-platform/scripts/delete-mongo-test-dbs.js
MongoDB shell version: 2.6.5
connecting to: localhost:27017/test

Setting up for common/lib/safe_lxml
python -m coverage run  --rcfile=common/lib/safe_lxml/.coveragerc `which nosetests` --id-file=/edx/app/edxapp/edx-platform/.testids/common/lib/safe_lxml/noseids common/lib/safe_lxml   --with-xunit --xunit-file=/edx/app/edxapp/edx-platform/reports/common/lib/safe_lxml/nosetests.xml  --verbosity=1[32;01m
========================================
 Running tests for common/lib/safe_lxml 
========================================
[39;49;00m
-----------------------------------------------------------------------------
0 tests run in 0.0 seconds (0 tests passed)

Cleaning up after common/lib/safe_lxml
---> pavelib.utils.test.utils.clean_mongo
mongo localhost:27017 /edx/app/edxapp/edx-platform/scripts/delete-mongo-test-dbs.js
MongoDB shell version: 2.6.5
connecting to: localhost:27017/test

Setting up for common/lib/sandbox-packages
python -m coverage run  --rcfile=common/lib/sandbox-packages/.coveragerc `which nosetests` --id-file=/edx/app/edxapp/edx-platform/.testids/common/lib/sandbox-packages/noseids common/lib/sandbox-packages   --with-xunit --xunit-file=/edx/app/edxapp/edx-platform/reports/common/lib/sandbox-packages/nosetests.xml  --verbosity=1[32;01m
========================================
 Running tests for common/lib/sandbox-packages 
========================================
[39;49;00m.......................................................
-----------------------------------------------------------------------------
55 tests run in 0.1 seconds (55 tests passed)

Cleaning up after common/lib/sandbox-packages
---> pavelib.utils.test.utils.clean_mongo
mongo localhost:27017 /edx/app/edxapp/edx-platform/scripts/delete-mongo-test-dbs.js
MongoDB shell version: 2.6.5
connecting to: localhost:27017/test

Setting up for common/lib/symmath
python -m coverage run  --rcfile=common/lib/symmath/.coveragerc `which nosetests` --id-file=/edx/app/edxapp/edx-platform/.testids/common/lib/symmath/noseids common/lib/symmath   --with-xunit --xunit-file=/edx/app/edxapp/edx-platform/reports/common/lib/symmath/nosetests.xml  --verbosity=1[32;01m
========================================
 Running tests for common/lib/symmath 
========================================
[39;49;00m.........
-----------------------------------------------------------------------------
9 tests run in 1.6 seconds (9 tests passed)

Cleaning up after common/lib/symmath
---> pavelib.utils.test.utils.clean_mongo
mongo localhost:27017 /edx/app/edxapp/edx-platform/scripts/delete-mongo-test-dbs.js
MongoDB shell version: 2.6.5
connecting to: localhost:27017/test

Setting up for common/lib/xmodule
python -m coverage run  --rcfile=common/lib/xmodule/.coveragerc `which nosetests` --id-file=/edx/app/edxapp/edx-platform/.testids/common/lib/xmodule/noseids common/lib/xmodule   --with-xunit --xunit-file=/edx/app/edxapp/edx-platform/reports/common/lib/xmodule/nosetests.xml  --verbosity=1[32;01m
========================================
 Running tests for common/lib/xmodule 
========================================
[39;49;00m.............................................................................
.............................................................................
.............................................................................
.............................................................................
......................--.....................................................
.............................................................................
.............................................................................
.............................................................................
...........................................FF................................
..............-...-.......-.................F................................
.............................................................................
.....-........................................./edx/app/edxapp/venvs/edxapp/src/xblock/xblock/runtime.py:578: FutureWarning: IdGenerator will be required in the future in order to support XBlockAsides
  warnings.warn("IdGenerator will be required in the future in order to support XBlockAsides", FutureWarning)
..............................
.............................................................................
.............................................................................
.............................................................................
.........................................................................----
-----------.--.--.........------------------------------...------------------
------------................................
-----------------------------------------------------------------------------
1) FAIL: test_check_problem_with_files (xmodule.tests.test_capa_module.CapaModuleTest)

   Traceback (most recent call last):
    common/lib/xmodule/xmodule/tests/test_capa_module.py line 648 in test_check_problem_with_files
      self.assertEqual(xqueue_interface._http_post.call_count, 1)
   AssertionError: 0 != 1
   -------------------- >> begin captured logging << --------------------
   capa.responsetypes: DEBUG: answer_ids=['i4x-edX-capa_test-problem-SampleProblem33_3_1']
   --------------------- >> end captured logging << ---------------------

-----------------------------------------------------------------------------
2) FAIL: test_check_problem_with_files_as_xblock (xmodule.tests.test_capa_module.CapaModuleTest)

   Traceback (most recent call last):
    common/lib/xmodule/xmodule/tests/test_capa_module.py line 681 in test_check_problem_with_files_as_xblock
      self.assertEqual(xqueue_interface._http_post.call_count, 1)
   AssertionError: 0 != 1
   -------------------- >> begin captured logging << --------------------
   capa.responsetypes: DEBUG: answer_ids=['i4x-edX-capa_test-problem-SampleProblem34_3_1']
   --------------------- >> end captured logging << ---------------------

-----------------------------------------------------------------------------
3) FAIL: test_file_inputs (xmodule.tests.test_capa_module.TestProblemCheckTracking)

   Traceback (most recent call last):
    common/lib/xmodule/xmodule/tests/test_capa_module.py line 2034 in test_file_inputs
      event = self.get_event_for_answers(module, answer_input_dict)
    common/lib/xmodule/xmodule/tests/test_capa_module.py line 1929 in get_event_for_answers
      self.assertEquals(len(mock_track_function.mock_calls), 1)
   AssertionError: 0 != 1
   -------------------- >> begin captured logging << --------------------
   capa.responsetypes: DEBUG: answer_ids=['i4x-edX-capa_test-problem-SampleProblem35_3_1']
   --------------------- >> end captured logging << ---------------------


-----------------------------------------------------------------------------
1353 tests run in 274.3 seconds. 
3 FAILED, 85 skipped (1265 tests passed)

Cleaning up after common/lib/xmodule
---> pavelib.utils.test.utils.clean_mongo
mongo localhost:27017 /edx/app/edxapp/edx-platform/scripts/delete-mongo-test-dbs.js
MongoDB shell version: 2.6.5
connecting to: localhost:27017/test
Dropping test db test_xcontent_7b97cdab93eb4894848968dbff52aae7
Dropping test db test_xmodule

Setting up for pavelib/paver_tests
python -m coverage run  --rcfile=pavelib/paver_tests/.coveragerc `which nosetests` --id-file=/edx/app/edxapp/edx-platform/.testids/pavelib/paver_tests/noseids pavelib/paver_tests   --with-xunit --xunit-file=/edx/app/edxapp/edx-platform/reports/pavelib/paver_tests/nosetests.xml  --verbosity=1[32;01m
========================================
 Running tests for pavelib/paver_tests 
========================================
[39;49;00m..........................
-----------------------------------------------------------------------------
26 tests run in 0.2 seconds (26 tests passed)

Cleaning up after pavelib/paver_tests
---> pavelib.utils.test.utils.clean_mongo
mongo localhost:27017 /edx/app/edxapp/edx-platform/scripts/delete-mongo-test-dbs.js
MongoDB shell version: 2.6.5
connecting to: localhost:27017/test

Cleaning up after Python Tests

Cleaning up after All Tests
[31;01m

================================================
Tests failed in the following suites:
* [39;49;00m[31;01mJS Tests javascript
* cms
* lms
* common/lib/capa
* common/lib/xmodule

[39;49;00m
